<?xml version="1.0" encoding="UTF-8"?>
<testng-results ignored="0" total="1" passed="1" failed="0" skipped="0">
  <reporter-output>
  </reporter-output>
  <suite started-at="2023-05-24T07:28:05 IST" name="Default suite" finished-at="2023-05-24T07:28:09 IST" duration-ms="3437">
    <groups>
    </groups>
    <test started-at="2023-05-24T07:28:05 IST" name="Default test" finished-at="2023-05-24T07:28:09 IST" duration-ms="3437">
      <class name="EcommerceApi.EcomApiTest">
        <test-method signature="login()[pri:0, instance:EcommerceApi.EcomApiTest@611889f4]" started-at="2023-05-24T07:28:05 IST" name="login" finished-at="2023-05-24T07:28:09 IST" duration-ms="3394" status="PASS">
          <reporter-output>
          </reporter-output>
        </test-method> <!-- login -->
      </class> <!-- EcommerceApi.EcomApiTest -->
    </test> <!-- Default test -->
  </suite> <!-- Default suite -->
</testng-results>
